PIF TABLE
-----------------------------------------------------------------------------------------
1.        (main, -)
2.        ({, -)
3.        (int, -)
4.        (id, 0)
5.        (,, -)
6.        (id, 1)
7.        (,, -)
8.        (id, 2)
9.        (;, -)
10.        (id, 0)
11.        (=, -)
12.        (const, 4)
13.        (;, -)
14.        (id, 1)
15.        (=, -)
16.        (const, 6)
17.        (;, -)
18.        (id, 2)
19.        (=, -)
20.        (const, 8)
21.        (;, -)
22.        (if, -)
23.        ((, -)
24.        (id, 0)
25.        (>, -)
26.        (id, 1)
27.        (and, -)
28.        (id, 0)
29.        (>, -)
30.        (id, 2)
31.        (), -)
32.        ({, -)
33.        (write, -)
34.        ((, -)
35.        (id, 0)
36.        (), -)
37.        (;, -)
38.        (}, -)
39.        (else, -)
40.        ({, -)
41.        (if, -)
42.        ((, -)
43.        (id, 1)
44.        (>, -)
45.        (id, 0)
46.        (and, -)
47.        (id, 1)
48.        (>, -)
49.        (id, 2)
50.        (), -)
51.        ({, -)
52.        (write, -)
53.        ((, -)
54.        (id, 1)
55.        (), -)
56.        (;, -)
57.        (}, -)
58.        (else, -)
59.        ({, -)
60.        (write, -)
61.        ((, -)
62.        (id, 2)
63.        (), -)
64.        (;, -)
65.        (}, -)
66.        (}, -)
67.        (}, -)

