PIF TABLE
-----------------------------------------------------------------------------------------
1.        (main, -)
2.        ({, -)
3.        (int, -)
4.        (id, 0)
5.        (,, -)
6.        (id, 1)
7.        (;, -)
8.        (id, 1)
9.        (=, -)
10.        (const, 3)
11.        (;, -)
12.        (id, 0)
13.        (=, -)
14.        (const, 3)
15.        (;, -)
16.        (array, -)
17.        (<, -)
18.        (int, -)
19.        (>, -)
20.        ([, -)
21.        (const, 6)
22.        (], -)
23.        (id, 7)
24.        (=, -)
25.        ([, -)
26.        (const, 8)
27.        (,, -)
28.        (const, 9)
29.        (,, -)
30.        (const, 10)
31.        (,, -)
32.        (const, 6)
33.        (], -)
34.        (;, -)
35.        (while, -)
36.        ((, -)
37.        (id, 0)
38.        (<, -)
39.        (=, -)
40.        (id, 13)
41.        (), -)
42.        ({, -)
43.        (write, -)
44.        ((, -)
45.        (id, 7)
46.        (), -)
47.        (;, -)
48.        (id, 0)
49.        (+, -)
50.        (+, -)
51.        (;, -)
52.        (}, -)
53.        (}, -)

