PIF TABLE
-----------------------------------------------------------------------------------------
1.        (main, -)
2.        ({, -)
3.        (int, -)
4.        (id, 0)
5.        (,, -)
6.        (id, 1)
7.        (;, -)
8.        (id, 0)
9.        (=, -)
10.        (const, 3)
11.        (;, -)
12.        (id, 1)
13.        (=, -)
14.        (const, 3)
15.        (;, -)
16.        (while, -)
17.        ((, -)
18.        (id, 0)
19.        (<, -)
20.        (=, -)
21.        (id, 7)
22.        (), -)
23.        ({, -)
24.        (if, -)
25.        ((, -)
26.        (id, 7)
27.        (%, -)
28.        (id, 0)
29.        (=, -)
30.        (=, -)
31.        (const, 3)
32.        (), -)
33.        ({, -)
34.        (id, 1)
35.        (=, -)
36.        (id, 1)
37.        (+, -)
38.        (const, 13)
39.        (;, -)
40.        (}, -)
41.        (id, 0)
42.        (=, -)
43.        (id, 0)
44.        (+, -)
45.        (const, 13)
46.        (;, -)
47.        (}, -)
48.        (if, -)
49.        ((, -)
50.        (id, 1)
51.        (=, -)
52.        (=, -)
53.        (const, 18)
54.        (), -)
55.        ({, -)
56.        (write, -)
57.        ((, -)
58.        (const, 19)
59.        (), -)
60.        (;, -)
61.        (}, -)
62.        (else, -)
63.        ({, -)
64.        (write, -)
65.        ((, -)
66.        (const, 20)
67.        (), -)
68.        (;, -)
69.        (}, -)
70.        (}, -)

